<?xml version="1.0" encoding="UTF-8" ?>
<testsuites errors="0"
            failures="1"
            tests="1">

  <testsuite name="add"
    errors="0" failures="1" hostname="" id="" package="add" skipped="0"
    tests="1" time="7.394" timestamp="">
  
    <testcase name="Demo test Google" classname="add" time="7.394" assertions="4">

    

    

      <failure message="Timed out while waiting for element &lt;button[name=btnG]&gt; to be present for 1000 milliseconds. - expected [0;32m&#34;visible&#34;[0m but got: [0;31m&#34;not found&#34;[0m">    at Object.Demo test Google (E:\testscripts\test\add.js:9:10)
    at process._tickCallback (internal/process/next_tick.js:68:7)</failure>

    <failure message="    at Object.Demo test Google (E:\testscripts\test\add.js:9:10)">    at process._tickCallback (internal/process/next_tick.js:68:7)</failure>
    </testcase>
  

  

  
  </testsuite>
</testsuites>
